<?xml version="1.0" encoding="UTF-8"?>
<job id="chunk" xmlns="http://xmlns.jcp.org/xml/ns/javaee"
	xmlns:xsi="http://www.w3.org/2001/XMLSchema-instance"
	xsi:schemaLocation="http://xmlns.jcp.org/xml/ns/javaee http://www.oracle.com/webfolder/technetwork/jsc/xml/ns/javaee/jobXML_1_0.xsd"
	version="1.0">
	<step id="step">
		<chunk>
			<reader ref="myTestItemReader" />
			<processor ref="myTestItemProcessor" />
			<writer ref="myTestItemWriter" />
			<retryable-exception-classes>
				<include class="org.jberet.test.integration.chunk.FoobarException" />
			</retryable-exception-classes>
		</chunk>
		<end on="*" />
	</step>
</job>